# JRE version: Java(TM) SE Runtime Environment (8.0_66-b17) (build 1.8.0_66-b17)
# Java VM: Java HotSpot(TM) 64-Bit Server VM (25.66-b17 mixed mode bsd-amd64 compressed oops)
Heap:
 PSYoungGen      total 396800K, used 51588K [0x000000076ab00000, 0x0000000786080000, 0x00000007c0000000)
  eden space 374272K, 13% used [0x000000076ab00000,0x000000076dd612a0,0x0000000781880000)
  from space 22528K, 0% used [0x0000000783280000,0x0000000783280000,0x0000000784880000)
  to   space 26624K, 0% used [0x0000000781880000,0x0000000781880000,0x0000000783280000)
 ParOldGen       total 228864K, used 40013K [0x00000006c0000000, 0x00000006cdf80000, 0x000000076ab00000)
  object space 228864K, 17% used [0x00000006c0000000,0x00000006c2713568,0x00000006cdf80000)
 Metaspace       used 60561K, capacity 61236K, committed 61736K, reserved 1103872K
  class space    used 7693K, capacity 7849K, committed 7976K, reserved 1048576K
GC Heap History (10 events):
Event: 4.066 GC heap before
{Heap before GC invocations=9 (full 2):
 PSYoungGen      total 225792K, used 10743K [0x000000076ab00000, 0x0000000780d00000, 0x00000007c0000000)
  eden space 215040K, 0% used [0x000000076ab00000,0x000000076ab00000,0x0000000777d00000)
  from space 10752K, 99% used [0x0000000777d00000,0x000000077877dc18,0x0000000778780000)
  to   space 14336K, 0% used [0x000000077ff00000,0x000000077ff00000,0x0000000780d00000)
 ParOldGen       total 93184K, used 11778K [0x00000006c0000000, 0x00000006c5b00000, 0x000000076ab00000)
  object space 93184K, 12% used [0x00000006c0000000,0x00000006c0b809a0,0x00000006c5b00000)
 Metaspace       used 34995K, capacity 35410K, committed 35496K, reserved 1081344K
  class space    used 4386K, capacity 4508K, committed 4520K, reserved 1048576K
Event: 4.140 GC heap after
Heap after GC invocations=9 (full 2):
 PSYoungGen      total 225792K, used 0K [0x000000076ab00000, 0x0000000780d00000, 0x00000007c0000000)
  eden space 215040K, 0% used [0x000000076ab00000,0x000000076ab00000,0x0000000777d00000)
  from space 10752K, 0% used [0x0000000777d00000,0x0000000777d00000,0x0000000778780000)
  to   space 14336K, 0% used [0x000000077ff00000,0x000000077ff00000,0x0000000780d00000)
 ParOldGen       total 156160K, used 20722K [0x00000006c0000000, 0x00000006c9880000, 0x000000076ab00000)
  object space 156160K, 13% used [0x00000006c0000000,0x00000006c143ca80,0x00000006c9880000)
 Metaspace       used 34995K, capacity 35410K, committed 35496K, reserved 1081344K
  class space    used 4386K, capacity 4508K, committed 4520K, reserved 1048576K
}
Event: 6.288 GC heap before
{Heap before GC invocations=10 (full 2):
 PSYoungGen      total 225792K, used 215040K [0x000000076ab00000, 0x0000000780d00000, 0x00000007c0000000)
  eden space 215040K, 100% used [0x000000076ab00000,0x0000000777d00000,0x0000000777d00000)
  from space 10752K, 0% used [0x0000000777d00000,0x0000000777d00000,0x0000000778780000)
  to   space 14336K, 0% used [0x000000077ff00000,0x000000077ff00000,0x0000000780d00000)
 ParOldGen       total 156160K, used 20722K [0x00000006c0000000, 0x00000006c9880000, 0x000000076ab00000)
  object space 156160K, 13% used [0x00000006c0000000,0x00000006c143ca80,0x00000006c9880000)
 Metaspace       used 47592K, capacity 48092K, committed 48552K, reserved 1091584K
  class space    used 6138K, capacity 6251K, committed 6312K, reserved 1048576K
Event: 6.307 GC heap after
Heap after GC invocations=10 (full 2):
 PSYoungGen      total 320512K, used 14309K [0x000000076ab00000, 0x0000000780d00000, 0x00000007c0000000)
  eden space 306176K, 0% used [0x000000076ab00000,0x000000076ab00000,0x000000077d600000)
  from space 14336K, 99% used [0x000000077ff00000,0x0000000780cf9670,0x0000000780d00000)
  to   space 20992K, 0% used [0x000000077e400000,0x000000077e400000,0x000000077f880000)
 ParOldGen       total 156160K, used 32371K [0x00000006c0000000, 0x00000006c9880000, 0x000000076ab00000)
  object space 156160K, 20% used [0x00000006c0000000,0x00000006c1f9cc38,0x00000006c9880000)
 Metaspace       used 47592K, capacity 48092K, committed 48552K, reserved 1091584K
  class space    used 6138K, capacity 6251K, committed 6312K, reserved 1048576K
}
Event: 7.981 GC heap before
{Heap before GC invocations=11 (full 2):
 PSYoungGen      total 320512K, used 320485K [0x000000076ab00000, 0x0000000780d00000, 0x00000007c0000000)
  eden space 306176K, 100% used [0x000000076ab00000,0x000000077d600000,0x000000077d600000)
  from space 14336K, 99% used [0x000000077ff00000,0x0000000780cf9670,0x0000000780d00000)
  to   space 20992K, 0% used [0x000000077e400000,0x000000077e400000,0x000000077f880000)
 ParOldGen       total 156160K, used 32371K [0x00000006c0000000, 0x00000006c9880000, 0x000000076ab00000)
  object space 156160K, 20% used [0x00000006c0000000,0x00000006c1f9cc38,0x00000006c9880000)
 Metaspace       used 51871K, capacity 52476K, committed 52904K, reserved 1095680K
  class space    used 6640K, capacity 6775K, committed 6824K, reserved 1048576K
Event: 7.997 GC heap after
Heap after GC invocations=11 (full 2):
 PSYoungGen      total 341504K, used 17495K [0x000000076ab00000, 0x0000000784880000, 0x00000007c0000000)
  eden space 320512K, 0% used [0x000000076ab00000,0x000000076ab00000,0x000000077e400000)
  from space 20992K, 83% used [0x000000077e400000,0x000000077f515d08,0x000000077f880000)
  to   space 22528K, 0% used [0x0000000783280000,0x0000000783280000,0x0000000784880000)
 ParOldGen       total 156160K, used 32379K [0x00000006c0000000, 0x00000006c9880000, 0x000000076ab00000)
  object space 156160K, 20% used [0x00000006c0000000,0x00000006c1f9ec38,0x00000006c9880000)
 Metaspace       used 51871K, capacity 52476K, committed 52904K, reserved 1095680K
  class space    used 6640K, capacity 6775K, committed 6824K, reserved 1048576K
}
Event: 9.501 GC heap before
{Heap before GC invocations=12 (full 2):
 PSYoungGen      total 341504K, used 285783K [0x000000076ab00000, 0x0000000784880000, 0x00000007c0000000)
  eden space 320512K, 83% used [0x000000076ab00000,0x000000077b100068,0x000000077e400000)
  from space 20992K, 83% used [0x000000077e400000,0x000000077f515d08,0x000000077f880000)
  to   space 22528K, 0% used [0x0000000783280000,0x0000000783280000,0x0000000784880000)
 ParOldGen       total 156160K, used 32379K [0x00000006c0000000, 0x00000006c9880000, 0x000000076ab00000)
  object space 156160K, 20% used [0x00000006c0000000,0x00000006c1f9ec38,0x00000006c9880000)
 Metaspace       used 58194K, capacity 58838K, committed 59160K, reserved 1101824K
  class space    used 7424K, capacity 7570K, committed 7592K, reserved 1048576K
Event: 9.522 GC heap after
Heap after GC invocations=12 (full 2):
 PSYoungGen      total 396800K, used 22512K [0x000000076ab00000, 0x0000000786080000, 0x00000007c0000000)
  eden space 374272K, 0% used [0x000000076ab00000,0x000000076ab00000,0x0000000781880000)
  from space 22528K, 99% used [0x0000000783280000,0x000000078487c070,0x0000000784880000)
  to   space 26624K, 0% used [0x0000000781880000,0x0000000781880000,0x0000000783280000)
 ParOldGen       total 156160K, used 34670K [0x00000006c0000000, 0x00000006c9880000, 0x000000076ab00000)
  object space 156160K, 22% used [0x00000006c0000000,0x00000006c21db970,0x00000006c9880000)
 Metaspace       used 58194K, capacity 58838K, committed 59160K, reserved 1101824K
  class space    used 7424K, capacity 7570K, committed 7592K, reserved 1048576K
}
Event: 9.522 GC heap before
{Heap before GC invocations=13 (full 3):
 PSYoungGen      total 396800K, used 22512K [0x000000076ab00000, 0x0000000786080000, 0x00000007c0000000)
  eden space 374272K, 0% used [0x000000076ab00000,0x000000076ab00000,0x0000000781880000)
  from space 22528K, 99% used [0x0000000783280000,0x000000078487c070,0x0000000784880000)
  to   space 26624K, 0% used [0x0000000781880000,0x0000000781880000,0x0000000783280000)
 ParOldGen       total 156160K, used 34670K [0x00000006c0000000, 0x00000006c9880000, 0x000000076ab00000)
  object space 156160K, 22% used [0x00000006c0000000,0x00000006c21db970,0x00000006c9880000)
 Metaspace       used 58194K, capacity 58838K, committed 59160K, reserved 1101824K
  class space    used 7424K, capacity 7570K, committed 7592K, reserved 1048576K
Event: 9.664 GC heap after
Heap after GC invocations=13 (full 3):
 PSYoungGen      total 396800K, used 0K [0x000000076ab00000, 0x0000000786080000, 0x00000007c0000000)
  eden space 374272K, 0% used [0x000000076ab00000,0x000000076ab00000,0x0000000781880000)
  from space 22528K, 0% used [0x0000000783280000,0x0000000783280000,0x0000000784880000)
  to   space 26624K, 0% used [0x0000000781880000,0x0000000781880000,0x0000000783280000)
 ParOldGen       total 228864K, used 40013K [0x00000006c0000000, 0x00000006cdf80000, 0x000000076ab00000)
  object space 228864K, 17% used [0x00000006c0000000,0x00000006c2713568,0x00000006cdf80000)
 Metaspace       used 58194K, capacity 58838K, committed 59160K, reserved 1101824K
  class space    used 7424K, capacity 7570K, committed 7592K, reserved 1048576K
}

